<?xml version="1.0" encoding="UTF-8"?>
<testng-results ignored="0" total="1" passed="1" failed="0" skipped="0">
  <reporter-output>
  </reporter-output>
  <suite started-at="2023-11-20T19:47:08 EST" name="Default suite" finished-at="2023-11-20T19:47:15 EST" duration-ms="7675">
    <groups>
      <group name="cucumber">
        <method signature="AbstractTestNGCucumberTests.feature(cucumber.api.testng.CucumberFeatureWrapper)[pri:0, instance:Test_Runner.PlanTestRunner@71ba6d4e]" name="feature" class="cucumber.api.testng.AbstractTestNGCucumberTests"/>
      </group> <!-- cucumber -->
    </groups>
    <test started-at="2023-11-20T19:47:08 EST" name="Default test" finished-at="2023-11-20T19:47:15 EST" duration-ms="7675">
      <class name="Test_Runner.PlanTestRunner">
        <test-method is-config="true" signature="setUpClass()[pri:0, instance:Test_Runner.PlanTestRunner@71ba6d4e]" started-at="2023-11-20T19:47:08 EST" name="setUpClass" finished-at="2023-11-20T19:47:08 EST" duration-ms="200" status="PASS">
          <reporter-output>
          </reporter-output>
        </test-method> <!-- setUpClass -->
        <test-method signature="feature(cucumber.api.testng.CucumberFeatureWrapper)[pri:0, instance:Test_Runner.PlanTestRunner@71ba6d4e]" started-at="2023-11-20T19:47:08 EST" name="feature" description="Runs Cucumber Feature" data-provider="features" finished-at="2023-11-20T19:47:15 EST" duration-ms="7365" status="PASS">
          <params>
            <param index="0">
              <value>
                <![CDATA[This is a Login feature for verify Loging Functionality]]>
              </value>
            </param>
          </params>
          <reporter-output>
          </reporter-output>
        </test-method> <!-- feature -->
        <test-method is-config="true" signature="tearDownClass()[pri:0, instance:Test_Runner.PlanTestRunner@71ba6d4e]" started-at="2023-11-20T19:47:15 EST" name="tearDownClass" finished-at="2023-11-20T19:47:15 EST" duration-ms="14" status="PASS">
          <reporter-output>
          </reporter-output>
        </test-method> <!-- tearDownClass -->
      </class> <!-- Test_Runner.PlanTestRunner -->
    </test> <!-- Default test -->
  </suite> <!-- Default suite -->
</testng-results>
